<?xml version="1.0" encoding="UTF-8"?><testrun name="Runner (1)" project="NewAccount" tests="16" started="16" failures="2" errors="1" ignored="11">
  <testsuite name="runners.Runner" time="36.538">
    <testsuite name="Feature: Techfios bank and cash New Account Functionality" time="36.538">
      <testsuite name="Scenario Outline: User should be able to login with valid credentials and open a new account" time="36.538">
        <testsuite name="Examples:" time="36.538">
          <testsuite name="| demo@techfios.com | abc123 | checking | This is created by AHMED ALI | 200 | 323 | Ahmed Ali | 8178814 | https://www.BOFA.com/ |" time="1.14" incomplete="true">
            <error>
              <expected>Dashboard- iBilling</expected>
              <actual>Login - iBilling</actual>junit.framework.ComparisonFailure: expected:&lt;[Dashboard]- iBilling&gt; but was:&lt;[Login ]- iBilling&gt;&#13;
	at junit.framework.Assert.assertEquals(Assert.java:100)&#13;
	at junit.framework.Assert.assertEquals(Assert.java:107)&#13;
	at steps.NewAccountStepDefinations.user_should_land_on_Dashboard_page(NewAccountStepDefinations.java:59)&#13;
	at ✽.Then User should land on Dashboard page(features/TechFiosNewAccounut.feature:9)&#13;
&#13;
org.openqa.selenium.WebDriverException: disconnected: unable to connect to renderer
  (failed to check if window was closed: disconnected: unable to connect to renderer)
  (Session info: chrome=107.0.5304.88)
Build info: version: '3.14.0', revision: 'aacccce0', time: '2018-08-02T20:19:58.91Z'
System info: host: 'AHMED-ALI', ip: '192.168.56.1', os.name: 'Windows 10', os.arch: 'amd64', os.version: '10.0', java.version: '1.8.0_221'
Driver info: org.openqa.selenium.chrome.ChromeDriver
Capabilities {acceptInsecureCerts: false, browserName: chrome, browserVersion: 107.0.5304.88, chrome: {chromedriverVersion: 107.0.5304.62 (1eec40d3a576..., userDataDir: C:\Users\aliar\AppData\Loca...}, goog:chromeOptions: {debuggerAddress: localhost:59280}, javascriptEnabled: true, networkConnectionEnabled: false, pageLoadStrategy: normal, platform: WINDOWS, platformName: WINDOWS, proxy: Proxy(), setWindowRect: true, strictFileInteractability: false, timeouts: {implicit: 0, pageLoad: 300000, script: 30000}, unhandledPromptBehavior: dismiss and notify, webauthn:extension:credBlob: true, webauthn:extension:largeBlob: true, webauthn:virtualAuthenticators: true}
Session ID: 88d18d52f0767446b44eefc43dc69036&#13;
	at sun.reflect.NativeConstructorAccessorImpl.newInstance0(Native Method)&#13;
	at sun.reflect.NativeConstructorAccessorImpl.newInstance(NativeConstructorAccessorImpl.java:62)&#13;
	at sun.reflect.DelegatingConstructorAccessorImpl.newInstance(DelegatingConstructorAccessorImpl.java:45)&#13;
	at java.lang.reflect.Constructor.newInstance(Constructor.java:423)&#13;
	at org.openqa.selenium.remote.http.W3CHttpResponseCodec.createException(W3CHttpResponseCodec.java:187)&#13;
	at org.openqa.selenium.remote.http.W3CHttpResponseCodec.decode(W3CHttpResponseCodec.java:122)&#13;
	at org.openqa.selenium.remote.http.W3CHttpResponseCodec.decode(W3CHttpResponseCodec.java:49)&#13;
	at org.openqa.selenium.remote.HttpCommandExecutor.execute(HttpCommandExecutor.java:158)&#13;
	at org.openqa.selenium.remote.service.DriverCommandExecutor.execute(DriverCommandExecutor.java:83)&#13;
	at org.openqa.selenium.remote.RemoteWebDriver.execute(RemoteWebDriver.java:548)&#13;
	at org.openqa.selenium.remote.RemoteWebDriver.execute(RemoteWebDriver.java:605)&#13;
	at org.openqa.selenium.remote.RemoteWebDriver.close(RemoteWebDriver.java:438)&#13;
	at steps.NewAccountStepDefinations.tearDown(NewAccountStepDefinations.java:129)&#13;
	at sun.reflect.NativeMethodAccessorImpl.invoke0(Native Method)&#13;
	at sun.reflect.NativeMethodAccessorImpl.invoke(NativeMethodAccessorImpl.java:62)&#13;
	at sun.reflect.DelegatingMethodAccessorImpl.invoke(DelegatingMethodAccessorImpl.java:43)&#13;
	at java.lang.reflect.Method.invoke(Method.java:498)&#13;
	at cucumber.runtime.Utils$1.call(Utils.java:40)&#13;
	at cucumber.runtime.Timeout.timeout(Timeout.java:16)&#13;
	at cucumber.runtime.Utils.invoke(Utils.java:34)&#13;
	at cucumber.runtime.java.JavaHookDefinition.execute(JavaHookDefinition.java:60)&#13;
	at cucumber.runtime.Runtime.runHookIfTagsMatch(Runtime.java:224)&#13;
	at cucumber.runtime.Runtime.runHooks(Runtime.java:212)&#13;
	at cucumber.runtime.Runtime.runAfterHooks(Runtime.java:206)&#13;
	at cucumber.runtime.model.CucumberScenario.run(CucumberScenario.java:46)&#13;
	at cucumber.runtime.junit.ExecutionUnitRunner.run(ExecutionUnitRunner.java:102)&#13;
	at org.junit.runners.Suite.runChild(Suite.java:128)&#13;
	at org.junit.runners.Suite.runChild(Suite.java:27)&#13;
	at org.junit.runners.ParentRunner$3.run(ParentRunner.java:290)&#13;
	at org.junit.runners.ParentRunner$1.schedule(ParentRunner.java:71)&#13;
	at org.junit.runners.ParentRunner.runChildren(ParentRunner.java:288)&#13;
	at org.junit.runners.ParentRunner.access$000(ParentRunner.java:58)&#13;
	at org.junit.runners.ParentRunner$2.evaluate(ParentRunner.java:268)&#13;
	at org.junit.runners.ParentRunner.run(ParentRunner.java:363)&#13;
	at cucumber.runtime.junit.ExamplesRunner.run(ExamplesRunner.java:59)&#13;
	at org.junit.runners.Suite.runChild(Suite.java:128)&#13;
	at org.junit.runners.Suite.runChild(Suite.java:27)&#13;
	at org.junit.runners.ParentRunner$3.run(ParentRunner.java:290)&#13;
	at org.junit.runners.ParentRunner$1.schedule(ParentRunner.java:71)&#13;
	at org.junit.runners.ParentRunner.runChildren(ParentRunner.java:288)&#13;
	at org.junit.runners.ParentRunner.access$000(ParentRunner.java:58)&#13;
	at org.junit.runners.ParentRunner$2.evaluate(ParentRunner.java:268)&#13;
	at org.junit.runners.ParentRunner.run(ParentRunner.java:363)&#13;
	at cucumber.runtime.junit.ScenarioOutlineRunner.run(ScenarioOutlineRunner.java:53)&#13;
	at cucumber.runtime.junit.FeatureRunner.runChild(FeatureRunner.java:63)&#13;
	at cucumber.runtime.junit.FeatureRunner.runChild(FeatureRunner.java:18)&#13;
	at org.junit.runners.ParentRunner$3.run(ParentRunner.java:290)&#13;
	at org.junit.runners.ParentRunner$1.schedule(ParentRunner.java:71)&#13;
	at org.junit.runners.ParentRunner.runChildren(ParentRunner.java:288)&#13;
	at org.junit.runners.ParentRunner.access$000(ParentRunner.java:58)&#13;
	at org.junit.runners.ParentRunner$2.evaluate(ParentRunner.java:268)&#13;
	at org.junit.runners.ParentRunner.run(ParentRunner.java:363)&#13;
	at cucumber.runtime.junit.FeatureRunner.run(FeatureRunner.java:70)&#13;
	at cucumber.api.junit.Cucumber.runChild(Cucumber.java:95)&#13;
	at cucumber.api.junit.Cucumber.runChild(Cucumber.java:38)&#13;
	at org.junit.runners.ParentRunner$3.run(ParentRunner.java:290)&#13;
	at org.junit.runners.ParentRunner$1.schedule(ParentRunner.java:71)&#13;
	at org.junit.runners.ParentRunner.runChildren(ParentRunner.java:288)&#13;
	at org.junit.runners.ParentRunner.access$000(ParentRunner.java:58)&#13;
	at org.junit.runners.ParentRunner$2.evaluate(ParentRunner.java:268)&#13;
	at org.junit.runners.ParentRunner.run(ParentRunner.java:363)&#13;
	at cucumber.api.junit.Cucumber.run(Cucumber.java:100)&#13;
	at org.eclipse.jdt.internal.junit4.runner.JUnit4TestReference.run(JUnit4TestReference.java:89)&#13;
	at org.eclipse.jdt.internal.junit.runner.TestExecution.run(TestExecution.java:41)&#13;
	at org.eclipse.jdt.internal.junit.runner.RemoteTestRunner.runTests(RemoteTestRunner.java:541)&#13;
	at org.eclipse.jdt.internal.junit.runner.RemoteTestRunner.runTests(RemoteTestRunner.java:763)&#13;
	at org.eclipse.jdt.internal.junit.runner.RemoteTestRunner.run(RemoteTestRunner.java:463)&#13;
	at org.eclipse.jdt.internal.junit.runner.RemoteTestRunner.main(RemoteTestRunner.java:209)&#13;
&#13;
</error>
            <testcase name="Given User is on the techfios login page" classname="| demo@techfios.com | abc123 | checking | This is created by AHMED ALI | 200 | 323 | Ahmed Ali | 8178814 | https://www.BOFA.com/ |" time="0.121"/>
            <testcase name="When User enters username as &quot;&lt;userName&gt;&quot;" classname="| demo@techfios.com | abc123 | checking | This is created by AHMED ALI | 200 | 323 | Ahmed Ali | 8178814 | https://www.BOFA.com/ |" time="0.111"/>
            <testcase name="When User enters password as &quot;&lt;Password&gt;&quot;" classname="| demo@techfios.com | abc123 | checking | This is created by AHMED ALI | 200 | 323 | Ahmed Ali | 8178814 | https://www.BOFA.com/ |" time="0.892"/>
            <testcase name="And User clicks on signin Button" classname="| demo@techfios.com | abc123 | checking | This is created by AHMED ALI | 200 | 323 | Ahmed Ali | 8178814 | https://www.BOFA.com/ |" time="0.011"/>
            <testcase name="Then User should land on Dashboard page" classname="| demo@techfios.com | abc123 | checking | This is created by AHMED ALI | 200 | 323 | Ahmed Ali | 8178814 | https://www.BOFA.com/ |" time="0.005">
              <failure>
                <expected>Dashboard- iBilling</expected>
                <actual>Login - iBilling</actual>junit.framework.ComparisonFailure: expected:&lt;[Dashboard]- iBilling&gt; but was:&lt;[Login ]- iBilling&gt;&#13;
	at junit.framework.Assert.assertEquals(Assert.java:100)&#13;
	at junit.framework.Assert.assertEquals(Assert.java:107)&#13;
	at steps.NewAccountStepDefinations.user_should_land_on_Dashboard_page(NewAccountStepDefinations.java:59)&#13;
	at ✽.Then User should land on Dashboard page(features/TechFiosNewAccounut.feature:9)&#13;
&#13;
</failure>
            </testcase>
            <testcase name="And User clicks on bank and cash" classname="| demo@techfios.com | abc123 | checking | This is created by AHMED ALI | 200 | 323 | Ahmed Ali | 8178814 | https://www.BOFA.com/ |" time="0.002" ignored="true"/>
            <testcase name="And User clicks on New Account" classname="| demo@techfios.com | abc123 | checking | This is created by AHMED ALI | 200 | 323 | Ahmed Ali | 8178814 | https://www.BOFA.com/ |" time="0.0" ignored="true"/>
            <testcase name="And User enters Account Title in accounts page as &quot;checking&quot;" classname="| demo@techfios.com | abc123 | checking | This is created by AHMED ALI | 200 | 323 | Ahmed Ali | 8178814 | https://www.BOFA.com/ |" time="0.001" ignored="true"/>
            <testcase name="And User enters accounts description as &quot;This is created by AHMED ALI&quot; in accounts page" classname="| demo@techfios.com | abc123 | checking | This is created by AHMED ALI | 200 | 323 | Ahmed Ali | 8178814 | https://www.BOFA.com/ |" time="0.0" ignored="true"/>
            <testcase name="And User enters account inital balance as &quot;200&quot; in accounts page" classname="| demo@techfios.com | abc123 | checking | This is created by AHMED ALI | 200 | 323 | Ahmed Ali | 8178814 | https://www.BOFA.com/ |" time="0.001" ignored="true"/>
            <testcase name="And User enters account number as &quot;323&quot; in accounts page" classname="| demo@techfios.com | abc123 | checking | This is created by AHMED ALI | 200 | 323 | Ahmed Ali | 8178814 | https://www.BOFA.com/ |" time="0.001" ignored="true"/>
            <testcase name="And User enters contact person as &quot;Ahmed Ali&quot; in accounts page" classname="| demo@techfios.com | abc123 | checking | This is created by AHMED ALI | 200 | 323 | Ahmed Ali | 8178814 | https://www.BOFA.com/ |" time="0.001" ignored="true"/>
            <testcase name="And User enters phone number as &quot;8178814&quot; in accounts page" classname="| demo@techfios.com | abc123 | checking | This is created by AHMED ALI | 200 | 323 | Ahmed Ali | 8178814 | https://www.BOFA.com/ |" time="0.001" ignored="true"/>
            <testcase name="And User enters Internet Banking URL as &quot;https://www.BOFA.com/&quot; in accounts page" classname="| demo@techfios.com | abc123 | checking | This is created by AHMED ALI | 200 | 323 | Ahmed Ali | 8178814 | https://www.BOFA.com/ |" time="0.0" ignored="true"/>
            <testcase name="And User clicks on submit" classname="| demo@techfios.com | abc123 | checking | This is created by AHMED ALI | 200 | 323 | Ahmed Ali | 8178814 | https://www.BOFA.com/ |" time="0.001" ignored="true"/>
            <testcase name="Then User should be able to validate account created successfully" classname="| demo@techfios.com | abc123 | checking | This is created by AHMED ALI | 200 | 323 | Ahmed Ali | 8178814 | https://www.BOFA.com/ |" time="35.388" ignored="true"/>
          </testsuite>
        </testsuite>
      </testsuite>
    </testsuite>
  </testsuite>
</testrun>
