<?xml version="1.0" encoding="UTF-8"?><testrun name="Runner (1)" project="NewAccount" tests="32" started="32" failures="0" errors="3" ignored="1">
  <testsuite name="runners.Runner" time="76.02">
    <testsuite name="Feature: Techfios bank and cash New Account Functionality" time="76.02">
      <testsuite name="Scenario Outline: User should be able to login with valid credentials and open a new account" time="76.02">
        <testsuite name="Examples:" time="76.02">
          <testsuite name="| demo@techfios.com | abc123 | Saving | This is created by AHMED ALI | 100 | 123 | Ahmed Ali | 8178814 | https://www.wellsfargo.com/ |" time="8.97" incomplete="true">
            <error>org.openqa.selenium.NoSuchWindowException: no such window: target window already closed
from unknown error: web view not found
  (Session info: chrome=107.0.5304.88)
Build info: version: '3.14.0', revision: 'aacccce0', time: '2018-08-02T20:19:58.91Z'
System info: host: 'AHMED-ALI', ip: '192.168.56.1', os.name: 'Windows 10', os.arch: 'amd64', os.version: '10.0', java.version: '1.8.0_221'
Driver info: org.openqa.selenium.chrome.ChromeDriver
Capabilities {acceptInsecureCerts: false, browserName: chrome, browserVersion: 107.0.5304.88, chrome: {chromedriverVersion: 107.0.5304.62 (1eec40d3a576..., userDataDir: C:\Users\aliar\AppData\Loca...}, goog:chromeOptions: {debuggerAddress: localhost:59418}, javascriptEnabled: true, networkConnectionEnabled: false, pageLoadStrategy: normal, platform: WINDOWS, platformName: WINDOWS, proxy: Proxy(), setWindowRect: true, strictFileInteractability: false, timeouts: {implicit: 0, pageLoad: 300000, script: 30000}, unhandledPromptBehavior: dismiss and notify, webauthn:extension:credBlob: true, webauthn:extension:largeBlob: true, webauthn:virtualAuthenticators: true}
Session ID: e5f85e0beda37b0476a850ecb68996f4
*** Element info: {Using=xpath, value=//*[@id="page-wrapper"]/div[3]/div[1]/div/div/div[2]/form/button}&#13;
	at sun.reflect.NativeConstructorAccessorImpl.newInstance0(Native Method)&#13;
	at sun.reflect.NativeConstructorAccessorImpl.newInstance(NativeConstructorAccessorImpl.java:62)&#13;
	at sun.reflect.DelegatingConstructorAccessorImpl.newInstance(DelegatingConstructorAccessorImpl.java:45)&#13;
	at java.lang.reflect.Constructor.newInstance(Constructor.java:423)&#13;
	at org.openqa.selenium.remote.http.W3CHttpResponseCodec.createException(W3CHttpResponseCodec.java:187)&#13;
	at org.openqa.selenium.remote.http.W3CHttpResponseCodec.decode(W3CHttpResponseCodec.java:122)&#13;
	at org.openqa.selenium.remote.http.W3CHttpResponseCodec.decode(W3CHttpResponseCodec.java:49)&#13;
	at org.openqa.selenium.remote.HttpCommandExecutor.execute(HttpCommandExecutor.java:158)&#13;
	at org.openqa.selenium.remote.service.DriverCommandExecutor.execute(DriverCommandExecutor.java:83)&#13;
	at org.openqa.selenium.remote.RemoteWebDriver.execute(RemoteWebDriver.java:548)&#13;
	at org.openqa.selenium.remote.RemoteWebDriver.findElement(RemoteWebDriver.java:322)&#13;
	at org.openqa.selenium.remote.RemoteWebDriver.findElementByXPath(RemoteWebDriver.java:424)&#13;
	at org.openqa.selenium.By$ByXPath.findElement(By.java:353)&#13;
	at org.openqa.selenium.remote.RemoteWebDriver.findElement(RemoteWebDriver.java:314)&#13;
	at org.openqa.selenium.support.pagefactory.DefaultElementLocator.findElement(DefaultElementLocator.java:69)&#13;
	at org.openqa.selenium.support.pagefactory.internal.LocatingElementHandler.invoke(LocatingElementHandler.java:38)&#13;
	at com.sun.proxy.$Proxy18.click(Unknown Source)&#13;
	at pages.TfNewAccountPage.clickSubmitButton(TfNewAccountPage.java:66)&#13;
	at steps.NewAccountStepDefinations.user_clicks_on_submit(NewAccountStepDefinations.java:110)&#13;
	at âœ½.And User clicks on submit(features/TechFiosNewAccounut.feature:19)&#13;
&#13;
org.openqa.selenium.WebDriverException: disconnected: unable to connect to renderer
  (failed to check if window was closed: disconnected: unable to connect to renderer)
  (Session info: chrome=107.0.5304.88)
Build info: version: '3.14.0', revision: 'aacccce0', time: '2018-08-02T20:19:58.91Z'
System info: host: 'AHMED-ALI', ip: '192.168.56.1', os.name: 'Windows 10', os.arch: 'amd64', os.version: '10.0', java.version: '1.8.0_221'
Driver info: org.openqa.selenium.chrome.ChromeDriver
Capabilities {acceptInsecureCerts: false, browserName: chrome, browserVersion: 107.0.5304.88, chrome: {chromedriverVersion: 107.0.5304.62 (1eec40d3a576..., userDataDir: C:\Users\aliar\AppData\Loca...}, goog:chromeOptions: {debuggerAddress: localhost:59418}, javascriptEnabled: true, networkConnectionEnabled: false, pageLoadStrategy: normal, platform: WINDOWS, platformName: WINDOWS, proxy: Proxy(), setWindowRect: true, strictFileInteractability: false, timeouts: {implicit: 0, pageLoad: 300000, script: 30000}, unhandledPromptBehavior: dismiss and notify, webauthn:extension:credBlob: true, webauthn:extension:largeBlob: true, webauthn:virtualAuthenticators: true}
Session ID: e5f85e0beda37b0476a850ecb68996f4&#13;
	at sun.reflect.NativeConstructorAccessorImpl.newInstance0(Native Method)&#13;
	at sun.reflect.NativeConstructorAccessorImpl.newInstance(NativeConstructorAccessorImpl.java:62)&#13;
	at sun.reflect.DelegatingConstructorAccessorImpl.newInstance(DelegatingConstructorAccessorImpl.java:45)&#13;
	at java.lang.reflect.Constructor.newInstance(Constructor.java:423)&#13;
	at org.openqa.selenium.remote.http.W3CHttpResponseCodec.createException(W3CHttpResponseCodec.java:187)&#13;
	at org.openqa.selenium.remote.http.W3CHttpResponseCodec.decode(W3CHttpResponseCodec.java:122)&#13;
	at org.openqa.selenium.remote.http.W3CHttpResponseCodec.decode(W3CHttpResponseCodec.java:49)&#13;
	at org.openqa.selenium.remote.HttpCommandExecutor.execute(HttpCommandExecutor.java:158)&#13;
	at org.openqa.selenium.remote.service.DriverCommandExecutor.execute(DriverCommandExecutor.java:83)&#13;
	at org.openqa.selenium.remote.RemoteWebDriver.execute(RemoteWebDriver.java:548)&#13;
	at org.openqa.selenium.remote.RemoteWebDriver.execute(RemoteWebDriver.java:605)&#13;
	at org.openqa.selenium.remote.RemoteWebDriver.close(RemoteWebDriver.java:438)&#13;
	at steps.NewAccountStepDefinations.tearDown(NewAccountStepDefinations.java:129)&#13;
	at sun.reflect.NativeMethodAccessorImpl.invoke0(Native Method)&#13;
	at sun.reflect.NativeMethodAccessorImpl.invoke(NativeMethodAccessorImpl.java:62)&#13;
	at sun.reflect.DelegatingMethodAccessorImpl.invoke(DelegatingMethodAccessorImpl.java:43)&#13;
	at java.lang.reflect.Method.invoke(Method.java:498)&#13;
	at cucumber.runtime.Utils$1.call(Utils.java:40)&#13;
	at cucumber.runtime.Timeout.timeout(Timeout.java:16)&#13;
	at cucumber.runtime.Utils.invoke(Utils.java:34)&#13;
	at cucumber.runtime.java.JavaHookDefinition.execute(JavaHookDefinition.java:60)&#13;
	at cucumber.runtime.Runtime.runHookIfTagsMatch(Runtime.java:224)&#13;
	at cucumber.runtime.Runtime.runHooks(Runtime.java:212)&#13;
	at cucumber.runtime.Runtime.runAfterHooks(Runtime.java:206)&#13;
	at cucumber.runtime.model.CucumberScenario.run(CucumberScenario.java:46)&#13;
	at cucumber.runtime.junit.ExecutionUnitRunner.run(ExecutionUnitRunner.java:102)&#13;
	at org.junit.runners.Suite.runChild(Suite.java:128)&#13;
	at org.junit.runners.Suite.runChild(Suite.java:27)&#13;
	at org.junit.runners.ParentRunner$3.run(ParentRunner.java:290)&#13;
	at org.junit.runners.ParentRunner$1.schedule(ParentRunner.java:71)&#13;
	at org.junit.runners.ParentRunner.runChildren(ParentRunner.java:288)&#13;
	at org.junit.runners.ParentRunner.access$000(ParentRunner.java:58)&#13;
	at org.junit.runners.ParentRunner$2.evaluate(ParentRunner.java:268)&#13;
	at org.junit.runners.ParentRunner.run(ParentRunner.java:363)&#13;
	at cucumber.runtime.junit.ExamplesRunner.run(ExamplesRunner.java:59)&#13;
	at org.junit.runners.Suite.runChild(Suite.java:128)&#13;
	at org.junit.runners.Suite.runChild(Suite.java:27)&#13;
	at org.junit.runners.ParentRunner$3.run(ParentRunner.java:290)&#13;
	at org.junit.runners.ParentRunner$1.schedule(ParentRunner.java:71)&#13;
	at org.junit.runners.ParentRunner.runChildren(ParentRunner.java:288)&#13;
	at org.junit.runners.ParentRunner.access$000(ParentRunner.java:58)&#13;
	at org.junit.runners.ParentRunner$2.evaluate(ParentRunner.java:268)&#13;
	at org.junit.runners.ParentRunner.run(ParentRunner.java:363)&#13;
	at cucumber.runtime.junit.ScenarioOutlineRunner.run(ScenarioOutlineRunner.java:53)&#13;
	at cucumber.runtime.junit.FeatureRunner.runChild(FeatureRunner.java:63)&#13;
	at cucumber.runtime.junit.FeatureRunner.runChild(FeatureRunner.java:18)&#13;
	at org.junit.runners.ParentRunner$3.run(ParentRunner.java:290)&#13;
	at org.junit.runners.ParentRunner$1.schedule(ParentRunner.java:71)&#13;
	at org.junit.runners.ParentRunner.runChildren(ParentRunner.java:288)&#13;
	at org.junit.runners.ParentRunner.access$000(ParentRunner.java:58)&#13;
	at org.junit.runners.ParentRunner$2.evaluate(ParentRunner.java:268)&#13;
	at org.junit.runners.ParentRunner.run(ParentRunner.java:363)&#13;
	at cucumber.runtime.junit.FeatureRunner.run(FeatureRunner.java:70)&#13;
	at cucumber.api.junit.Cucumber.runChild(Cucumber.java:95)&#13;
	at cucumber.api.junit.Cucumber.runChild(Cucumber.java:38)&#13;
	at org.junit.runners.ParentRunner$3.run(ParentRunner.java:290)&#13;
	at org.junit.runners.ParentRunner$1.schedule(ParentRunner.java:71)&#13;
	at org.junit.runners.ParentRunner.runChildren(ParentRunner.java:288)&#13;
	at org.junit.runners.ParentRunner.access$000(ParentRunner.java:58)&#13;
	at org.junit.runners.ParentRunner$2.evaluate(ParentRunner.java:268)&#13;
	at org.junit.runners.ParentRunner.run(ParentRunner.java:363)&#13;
	at cucumber.api.junit.Cucumber.run(Cucumber.java:100)&#13;
	at org.eclipse.jdt.internal.junit4.runner.JUnit4TestReference.run(JUnit4TestReference.java:89)&#13;
	at org.eclipse.jdt.internal.junit.runner.TestExecution.run(TestExecution.java:41)&#13;
	at org.eclipse.jdt.internal.junit.runner.RemoteTestRunner.runTests(RemoteTestRunner.java:541)&#13;
	at org.eclipse.jdt.internal.junit.runner.RemoteTestRunner.runTests(RemoteTestRunner.java:763)&#13;
	at org.eclipse.jdt.internal.junit.runner.RemoteTestRunner.run(RemoteTestRunner.java:463)&#13;
	at org.eclipse.jdt.internal.junit.runner.RemoteTestRunner.main(RemoteTestRunner.java:209)&#13;
&#13;
</error>
            <testcase name="Given User is on the techfios login page" classname="| demo@techfios.com | abc123 | Saving | This is created by AHMED ALI | 100 | 123 | Ahmed Ali | 8178814 | https://www.wellsfargo.com/ |" time="0.128"/>
            <testcase name="When User enters username as &quot;demo@techfios.com&quot;" classname="| demo@techfios.com | abc123 | Saving | This is created by AHMED ALI | 100 | 123 | Ahmed Ali | 8178814 | https://www.wellsfargo.com/ |" time="0.093"/>
            <testcase name="When User enters password as &quot;abc123&quot;" classname="| demo@techfios.com | abc123 | Saving | This is created by AHMED ALI | 100 | 123 | Ahmed Ali | 8178814 | https://www.wellsfargo.com/ |" time="2.302"/>
            <testcase name="And User clicks on signin Button" classname="| demo@techfios.com | abc123 | Saving | This is created by AHMED ALI | 100 | 123 | Ahmed Ali | 8178814 | https://www.wellsfargo.com/ |" time="0.011"/>
            <testcase name="Then User should land on Dashboard page" classname="| demo@techfios.com | abc123 | Saving | This is created by AHMED ALI | 100 | 123 | Ahmed Ali | 8178814 | https://www.wellsfargo.com/ |" time="0.063"/>
            <testcase name="And User clicks on bank and cash" classname="| demo@techfios.com | abc123 | Saving | This is created by AHMED ALI | 100 | 123 | Ahmed Ali | 8178814 | https://www.wellsfargo.com/ |" time="0.48"/>
            <testcase name="And User clicks on New Account" classname="| demo@techfios.com | abc123 | Saving | This is created by AHMED ALI | 100 | 123 | Ahmed Ali | 8178814 | https://www.wellsfargo.com/ |" time="0.1"/>
            <testcase name="And User enters Account Title in accounts page as &quot;&lt;Saving&gt;&quot;" classname="| demo@techfios.com | abc123 | Saving | This is created by AHMED ALI | 100 | 123 | Ahmed Ali | 8178814 | https://www.wellsfargo.com/ |" time="0.212"/>
            <testcase name="And User enters accounts description as &quot;&lt;This is created by AHMED ALI&gt;&quot; in accounts page" classname="| demo@techfios.com | abc123 | Saving | This is created by AHMED ALI | 100 | 123 | Ahmed Ali | 8178814 | https://www.wellsfargo.com/ |" time="0.087"/>
            <testcase name="And User enters account inital balance as &quot;&lt;100&gt;&quot; in accounts page" classname="| demo@techfios.com | abc123 | Saving | This is created by AHMED ALI | 100 | 123 | Ahmed Ali | 8178814 | https://www.wellsfargo.com/ |" time="0.091"/>
            <testcase name="And User enters account number as &quot;&lt;123&gt;&quot; in accounts page" classname="| demo@techfios.com | abc123 | Saving | This is created by AHMED ALI | 100 | 123 | Ahmed Ali | 8178814 | https://www.wellsfargo.com/ |" time="0.1"/>
            <testcase name="And User enters contact person as &quot;&lt;Ahmed Ali&gt;&quot; in accounts page" classname="| demo@techfios.com | abc123 | Saving | This is created by AHMED ALI | 100 | 123 | Ahmed Ali | 8178814 | https://www.wellsfargo.com/ |" time="0.13"/>
            <testcase name="And User enters phone number as &quot;&lt;8178814&gt;&quot; in accounts page" classname="| demo@techfios.com | abc123 | Saving | This is created by AHMED ALI | 100 | 123 | Ahmed Ali | 8178814 | https://www.wellsfargo.com/ |" time="0.133"/>
            <testcase name="And User enters Internet Banking URL as &quot;&lt;https://www.wellsfargo.com/&gt;&quot; in accounts page" classname="| demo@techfios.com | abc123 | Saving | This is created by AHMED ALI | 100 | 123 | Ahmed Ali | 8178814 | https://www.wellsfargo.com/ |" time="5.025"/>
            <testcase name="And User clicks on submit" classname="| demo@techfios.com | abc123 | Saving | This is created by AHMED ALI | 100 | 123 | Ahmed Ali | 8178814 | https://www.wellsfargo.com/ |" time="0.015">
              <error>org.openqa.selenium.NoSuchWindowException: no such window: target window already closed
from unknown error: web view not found
  (Session info: chrome=107.0.5304.88)
Build info: version: '3.14.0', revision: 'aacccce0', time: '2018-08-02T20:19:58.91Z'
System info: host: 'AHMED-ALI', ip: '192.168.56.1', os.name: 'Windows 10', os.arch: 'amd64', os.version: '10.0', java.version: '1.8.0_221'
Driver info: org.openqa.selenium.chrome.ChromeDriver
Capabilities {acceptInsecureCerts: false, browserName: chrome, browserVersion: 107.0.5304.88, chrome: {chromedriverVersion: 107.0.5304.62 (1eec40d3a576..., userDataDir: C:\Users\aliar\AppData\Loca...}, goog:chromeOptions: {debuggerAddress: localhost:59418}, javascriptEnabled: true, networkConnectionEnabled: false, pageLoadStrategy: normal, platform: WINDOWS, platformName: WINDOWS, proxy: Proxy(), setWindowRect: true, strictFileInteractability: false, timeouts: {implicit: 0, pageLoad: 300000, script: 30000}, unhandledPromptBehavior: dismiss and notify, webauthn:extension:credBlob: true, webauthn:extension:largeBlob: true, webauthn:virtualAuthenticators: true}
Session ID: e5f85e0beda37b0476a850ecb68996f4
*** Element info: {Using=xpath, value=//*[@id="page-wrapper"]/div[3]/div[1]/div/div/div[2]/form/button}&#13;
	at sun.reflect.NativeConstructorAccessorImpl.newInstance0(Native Method)&#13;
	at sun.reflect.NativeConstructorAccessorImpl.newInstance(NativeConstructorAccessorImpl.java:62)&#13;
	at sun.reflect.DelegatingConstructorAccessorImpl.newInstance(DelegatingConstructorAccessorImpl.java:45)&#13;
	at java.lang.reflect.Constructor.newInstance(Constructor.java:423)&#13;
	at org.openqa.selenium.remote.http.W3CHttpResponseCodec.createException(W3CHttpResponseCodec.java:187)&#13;
	at org.openqa.selenium.remote.http.W3CHttpResponseCodec.decode(W3CHttpResponseCodec.java:122)&#13;
	at org.openqa.selenium.remote.http.W3CHttpResponseCodec.decode(W3CHttpResponseCodec.java:49)&#13;
	at org.openqa.selenium.remote.HttpCommandExecutor.execute(HttpCommandExecutor.java:158)&#13;
	at org.openqa.selenium.remote.service.DriverCommandExecutor.execute(DriverCommandExecutor.java:83)&#13;
	at org.openqa.selenium.remote.RemoteWebDriver.execute(RemoteWebDriver.java:548)&#13;
	at org.openqa.selenium.remote.RemoteWebDriver.findElement(RemoteWebDriver.java:322)&#13;
	at org.openqa.selenium.remote.RemoteWebDriver.findElementByXPath(RemoteWebDriver.java:424)&#13;
	at org.openqa.selenium.By$ByXPath.findElement(By.java:353)&#13;
	at org.openqa.selenium.remote.RemoteWebDriver.findElement(RemoteWebDriver.java:314)&#13;
	at org.openqa.selenium.support.pagefactory.DefaultElementLocator.findElement(DefaultElementLocator.java:69)&#13;
	at org.openqa.selenium.support.pagefactory.internal.LocatingElementHandler.invoke(LocatingElementHandler.java:38)&#13;
	at com.sun.proxy.$Proxy18.click(Unknown Source)&#13;
	at pages.TfNewAccountPage.clickSubmitButton(TfNewAccountPage.java:66)&#13;
	at steps.NewAccountStepDefinations.user_clicks_on_submit(NewAccountStepDefinations.java:110)&#13;
	at âœ½.And User clicks on submit(features/TechFiosNewAccounut.feature:19)&#13;
&#13;
</error>
            </testcase>
            <testcase name="Then User should be able to validate account created successfully" classname="| demo@techfios.com | abc123 | Saving | This is created by AHMED ALI | 100 | 123 | Ahmed Ali | 8178814 | https://www.wellsfargo.com/ |" time="35.422" ignored="true"/>
          </testsuite>
          <testsuite name="| demo@techfios.com | abc123 | checking | This is created by AHMED ALI | 200 | 323 | Ahmed Ali | 8178814 | https://www.BOFA.com/ |" time="29.399">
            <testcase name="Given User is on the techfios login page" classname="| demo@techfios.com | abc123 | checking | This is created by AHMED ALI | 200 | 323 | Ahmed Ali | 8178814 | https://www.BOFA.com/ |" time="0.143"/>
            <testcase name="When User enters username as &quot;demo@techfios.com&quot;" classname="| demo@techfios.com | abc123 | checking | This is created by AHMED ALI | 200 | 323 | Ahmed Ali | 8178814 | https://www.BOFA.com/ |" time="0.075"/>
            <testcase name="When User enters password as &quot;abc123&quot;" classname="| demo@techfios.com | abc123 | checking | This is created by AHMED ALI | 200 | 323 | Ahmed Ali | 8178814 | https://www.BOFA.com/ |" time="2.509"/>
            <testcase name="And User clicks on signin Button" classname="| demo@techfios.com | abc123 | checking | This is created by AHMED ALI | 200 | 323 | Ahmed Ali | 8178814 | https://www.BOFA.com/ |" time="0.008"/>
            <testcase name="Then User should land on Dashboard page" classname="| demo@techfios.com | abc123 | checking | This is created by AHMED ALI | 200 | 323 | Ahmed Ali | 8178814 | https://www.BOFA.com/ |" time="0.077"/>
            <testcase name="And User clicks on bank and cash" classname="| demo@techfios.com | abc123 | checking | This is created by AHMED ALI | 200 | 323 | Ahmed Ali | 8178814 | https://www.BOFA.com/ |" time="0.384"/>
            <testcase name="And User clicks on New Account" classname="| demo@techfios.com | abc123 | checking | This is created by AHMED ALI | 200 | 323 | Ahmed Ali | 8178814 | https://www.BOFA.com/ |" time="0.14"/>
            <testcase name="And User enters Account Title in accounts page as &quot;&lt;Saving&gt;&quot;" classname="| demo@techfios.com | abc123 | checking | This is created by AHMED ALI | 200 | 323 | Ahmed Ali | 8178814 | https://www.BOFA.com/ |" time="0.095"/>
            <testcase name="And User enters accounts description as &quot;&lt;This is created by AHMED ALI&gt;&quot; in accounts page" classname="| demo@techfios.com | abc123 | checking | This is created by AHMED ALI | 200 | 323 | Ahmed Ali | 8178814 | https://www.BOFA.com/ |" time="0.078"/>
            <testcase name="And User enters account inital balance as &quot;&lt;100&gt;&quot; in accounts page" classname="| demo@techfios.com | abc123 | checking | This is created by AHMED ALI | 200 | 323 | Ahmed Ali | 8178814 | https://www.BOFA.com/ |" time="0.076"/>
            <testcase name="And User enters account number as &quot;&lt;123&gt;&quot; in accounts page" classname="| demo@techfios.com | abc123 | checking | This is created by AHMED ALI | 200 | 323 | Ahmed Ali | 8178814 | https://www.BOFA.com/ |" time="0.088"/>
            <testcase name="And User enters contact person as &quot;&lt;Ahmed Ali&gt;&quot; in accounts page" classname="| demo@techfios.com | abc123 | checking | This is created by AHMED ALI | 200 | 323 | Ahmed Ali | 8178814 | https://www.BOFA.com/ |" time="0.111"/>
            <testcase name="And User enters phone number as &quot;&lt;8178814&gt;&quot; in accounts page" classname="| demo@techfios.com | abc123 | checking | This is created by AHMED ALI | 200 | 323 | Ahmed Ali | 8178814 | https://www.BOFA.com/ |" time="0.119"/>
            <testcase name="And User enters Internet Banking URL as &quot;&lt;https://www.wellsfargo.com/&gt;&quot; in accounts page" classname="| demo@techfios.com | abc123 | checking | This is created by AHMED ALI | 200 | 323 | Ahmed Ali | 8178814 | https://www.BOFA.com/ |" time="5.617"/>
            <testcase name="And User clicks on submit" classname="| demo@techfios.com | abc123 | checking | This is created by AHMED ALI | 200 | 323 | Ahmed Ali | 8178814 | https://www.BOFA.com/ |" time="0.007"/>
            <testcase name="Then User should be able to validate account created successfully" classname="| demo@techfios.com | abc123 | checking | This is created by AHMED ALI | 200 | 323 | Ahmed Ali | 8178814 | https://www.BOFA.com/ |" time="19.872"/>
          </testsuite>
        </testsuite>
      </testsuite>
    </testsuite>
  </testsuite>
</testrun>
